[07-Sep-2023 09:13:14 UTC] PHP Warning:  Undefined array key "username" in /home/u747325399/domains/liquag.com/public_html/dev/fairlife/mobile/login.php on line 28
[07-Sep-2023 09:13:14 UTC] PHP Warning:  Undefined array key "password" in /home/u747325399/domains/liquag.com/public_html/dev/fairlife/mobile/login.php on line 29
[07-Sep-2023 09:13:24 UTC] PHP Warning:  Undefined array key "username" in /home/u747325399/domains/liquag.com/public_html/dev/fairlife/mobile/login.php on line 28
[07-Sep-2023 09:13:24 UTC] PHP Warning:  Undefined array key "password" in /home/u747325399/domains/liquag.com/public_html/dev/fairlife/mobile/login.php on line 29
[07-Sep-2023 09:20:31 UTC] PHP Warning:  Undefined array key "username" in /home/u747325399/domains/liquag.com/public_html/dev/fairlife/mobile/login.php on line 28
[07-Sep-2023 09:20:31 UTC] PHP Warning:  Undefined array key "password" in /home/u747325399/domains/liquag.com/public_html/dev/fairlife/mobile/login.php on line 29
[07-Sep-2023 09:21:19 UTC] PHP Warning:  Undefined array key "username" in /home/u747325399/domains/liquag.com/public_html/dev/fairlife/mobile/login.php on line 28
[07-Sep-2023 09:21:19 UTC] PHP Warning:  Undefined array key "password" in /home/u747325399/domains/liquag.com/public_html/dev/fairlife/mobile/login.php on line 29
[07-Sep-2023 09:43:52 UTC] PHP Warning:  Undefined array key "username" in /home/u747325399/domains/liquag.com/public_html/dev/fairlife/mobile/login.php on line 28
[07-Sep-2023 09:43:52 UTC] PHP Warning:  Undefined array key "password" in /home/u747325399/domains/liquag.com/public_html/dev/fairlife/mobile/login.php on line 29
[07-Sep-2023 09:48:24 UTC] PHP Warning:  Undefined array key "username" in /home/u747325399/domains/liquag.com/public_html/dev/fairlife/mobile/login.php on line 28
[07-Sep-2023 09:48:24 UTC] PHP Warning:  Undefined array key "password" in /home/u747325399/domains/liquag.com/public_html/dev/fairlife/mobile/login.php on line 29
[07-Sep-2023 09:48:57 UTC] PHP Warning:  Undefined array key "userid" in /home/u747325399/domains/liquag.com/public_html/dev/fairlife/mobile/login.php on line 28
[07-Sep-2023 09:48:57 UTC] PHP Warning:  Undefined array key "pass" in /home/u747325399/domains/liquag.com/public_html/dev/fairlife/mobile/login.php on line 29
[07-Sep-2023 09:52:00 UTC] PHP Warning:  Undefined array key "userid" in /home/u747325399/domains/liquag.com/public_html/dev/fairlife/mobile/login.php on line 28
[07-Sep-2023 09:52:00 UTC] PHP Warning:  Undefined array key "pass" in /home/u747325399/domains/liquag.com/public_html/dev/fairlife/mobile/login.php on line 29
[07-Sep-2023 10:01:47 UTC] PHP Warning:  Undefined array key "userid" in /home/u747325399/domains/liquag.com/public_html/dev/fairlife/mobile/login.php on line 28
[07-Sep-2023 10:01:47 UTC] PHP Warning:  Undefined array key "pass" in /home/u747325399/domains/liquag.com/public_html/dev/fairlife/mobile/login.php on line 29
Error: Error: [07-Sep-2023 10:02:31 UTC] PHP Warning:  Undefined array key "userid" in /home/u747325399/domains/liquag.com/public_html/dev/fairlife/mobile/login.php on line 29
[07-Sep-2023 10:02:31 UTC] PHP Warning:  Undefined array key "pass" in /home/u747325399/domains/liquag.com/public_html/dev/fairlife/mobile/login.php on line 30
Error: [07-Sep-2023 10:07:32 UTC] PHP Warning:  Undefined array key "username" in /home/u747325399/domains/liquag.com/public_html/dev/fairlife/mobile/login.php on line 29
[07-Sep-2023 10:07:32 UTC] PHP Warning:  Undefined array key "password" in /home/u747325399/domains/liquag.com/public_html/dev/fairlife/mobile/login.php on line 30
Error: [08-Sep-2023 18:31:49 UTC] PHP Warning:  Undefined array key "username" in /home/u747325399/domains/liquag.com/public_html/dev/fairlife/mobile/login.php on line 29
[08-Sep-2023 18:31:49 UTC] PHP Warning:  Undefined array key "password" in /home/u747325399/domains/liquag.com/public_html/dev/fairlife/mobile/login.php on line 30
